<?xml version="1.0" encoding="UTF-8"?>
<testsuite xmlns:xsi="http://www.w3.org/2001/XMLSchema-instance" xsi:noNamespaceSchemaLocation="https://maven.apache.org/surefire/maven-surefire-plugin/xsd/surefire-test-report-3.0.xsd" version="3.0" name="med.voll.api.ApiApplicationTests" time="17.997" tests="1" errors="0" skipped="0" failures="0">
  <properties>
[...]
</properties>
  <testcase name="contextLoads" classname="med.voll.api.ApiApplicationTests" time="1.219">
    <system-out><![CDATA[19:29:05.149 [main] INFO org.springframework.test.context.support.AnnotationConfigContextLoaderUtils -- Could not detect default configuration classes for test class [med.voll.api.ApiApplicationTests]: ApiApplicationTests does not declare any static, non-private, non-final, nested classes annotated with @Configuration.
19:29:05.726 [main] INFO org.springframework.boot.test.context.SpringBootTestContextBootstrapper -- Found @SpringBootConfiguration med.voll.api.ApiApplication for test class med.voll.api.ApiApplicationTests
19:29:06.827 [main] INFO org.springframework.boot.devtools.restart.RestartApplicationListener -- Restart disabled due to context in which it is running

  .   ____          _            __ _ _
 /\\ / ___'_ __ _ _(_)_ __  __ _ \ \ \ \
( ( )\___ | '_ | '_| | '_ \/ _` | \ \ \ \
 \\/  ___)| |_)| | | | | || (_| |  ) ) ) )
  '  |____| .__|_| |_|_| |_\__, | / / / /
 =========|_|==============|___/=/_/_/_/
 :: Spring Boot ::       (v3.2.0-SNAPSHOT)

2023-11-03T19:29:08.393-04:00  INFO 14355 --- [           main] med.voll.api.ApiApplicationTests         : Starting ApiApplicationTests using Java 17.0.7 with PID 14355 (started by oem in /Diversos/TJRO/CURSOS_AULAS_PROJETOS/alura-spring3-api-outubro-2023)
2023-11-03T19:29:08.402-04:00  INFO 14355 --- [           main] med.voll.api.ApiApplicationTests         : No active profile set, falling back to 1 default profile: "default"
2023-11-03T19:29:11.942-04:00  INFO 14355 --- [           main] .s.d.r.c.RepositoryConfigurationDelegate : Bootstrapping Spring Data JPA repositories in DEFAULT mode.
2023-11-03T19:29:12.074-04:00  INFO 14355 --- [           main] .s.d.r.c.RepositoryConfigurationDelegate : Finished Spring Data repository scanning in 118 ms. Found 2 JPA repository interfaces.
2023-11-03T19:29:14.352-04:00  INFO 14355 --- [           main] o.f.c.internal.license.VersionPrinter    : Flyway Community Edition 9.22.3 by Redgate
2023-11-03T19:29:14.352-04:00  INFO 14355 --- [           main] o.f.c.internal.license.VersionPrinter    : See release notes here: https://rd.gt/416ObMi
2023-11-03T19:29:14.353-04:00  INFO 14355 --- [           main] o.f.c.internal.license.VersionPrinter    : 
2023-11-03T19:29:14.439-04:00  INFO 14355 --- [           main] org.flywaydb.core.FlywayExecutor         : Database: jdbc:mysql://localhost/vollmed_api (MySQL 8.0)
2023-11-03T19:29:14.554-04:00  INFO 14355 --- [           main] o.f.core.internal.command.DbValidate     : Successfully validated 6 migrations (execution time 00:00.065s)
2023-11-03T19:29:14.594-04:00  INFO 14355 --- [           main] o.f.core.internal.command.DbMigrate      : Current version of schema `vollmed_api`: 6
2023-11-03T19:29:14.600-04:00  INFO 14355 --- [           main] o.f.core.internal.command.DbMigrate      : Schema `vollmed_api` is up to date. No migration necessary.
2023-11-03T19:29:14.715-04:00  INFO 14355 --- [           main] com.zaxxer.hikari.HikariDataSource       : HikariPool-1 - Starting...
2023-11-03T19:29:14.790-04:00  INFO 14355 --- [           main] com.zaxxer.hikari.pool.HikariPool        : HikariPool-1 - Added connection com.mysql.cj.jdbc.ConnectionImpl@401e02b4
2023-11-03T19:29:14.795-04:00  INFO 14355 --- [           main] com.zaxxer.hikari.HikariDataSource       : HikariPool-1 - Start completed.
2023-11-03T19:29:14.874-04:00  INFO 14355 --- [           main] o.hibernate.jpa.internal.util.LogHelper  : HHH000204: Processing PersistenceUnitInfo [name: default]
2023-11-03T19:29:15.024-04:00  INFO 14355 --- [           main] org.hibernate.Version                    : HHH000412: Hibernate ORM core version 6.3.1.Final
2023-11-03T19:29:15.102-04:00  INFO 14355 --- [           main] o.h.c.internal.RegionFactoryInitiator    : HHH000026: Second-level cache disabled
2023-11-03T19:29:15.547-04:00  INFO 14355 --- [           main] o.s.o.j.p.SpringPersistenceUnitInfo      : No LoadTimeWeaver setup: ignoring JPA class transformer
2023-11-03T19:29:17.560-04:00  INFO 14355 --- [           main] o.h.e.t.j.p.i.JtaPlatformInitiator       : HHH000489: No JTA platform available (set 'hibernate.transaction.jta.platform' to enable JTA platform integration)
2023-11-03T19:29:17.568-04:00  INFO 14355 --- [           main] j.LocalContainerEntityManagerFactoryBean : Initialized JPA EntityManagerFactory for persistence unit 'default'
2023-11-03T19:29:19.135-04:00  WARN 14355 --- [           main] JpaBaseConfiguration$JpaWebConfiguration : spring.jpa.open-in-view is enabled by default. Therefore, database queries may be performed during view rendering. Explicitly configure spring.jpa.open-in-view to disable this warning
2023-11-03T19:29:20.031-04:00  INFO 14355 --- [           main] o.s.s.web.DefaultSecurityFilterChain     : Will secure any request with [org.springframework.security.web.session.DisableEncodeUrlFilter@7b1b1784, org.springframework.security.web.context.request.async.WebAsyncManagerIntegrationFilter@288e50c1, org.springframework.security.web.context.SecurityContextHolderFilter@2c8c42c, org.springframework.security.web.header.HeaderWriterFilter@45649467, org.springframework.web.filter.CorsFilter@58e0d1ac, org.springframework.security.web.authentication.logout.LogoutFilter@40625ac6, med.voll.api.config.SecurityFilter@5afa0b1a, org.springframework.security.web.savedrequest.RequestCacheAwareFilter@6d4df1d2, org.springframework.security.web.servletapi.SecurityContextHolderAwareRequestFilter@70ca8e72, org.springframework.security.web.authentication.AnonymousAuthenticationFilter@7fba30fe, org.springframework.security.web.session.SessionManagementFilter@3c577368, org.springframework.security.web.access.ExceptionTranslationFilter@6fd07a56, org.springframework.security.web.access.intercept.AuthorizationFilter@69374e28]
2023-11-03T19:29:20.867-04:00  INFO 14355 --- [           main] med.voll.api.ApiApplicationTests         : Started ApiApplicationTests in 14.069 seconds (process running for 19.615)
]]></system-out>
  </testcase>
</testsuite>