<?xml version="1.0" encoding="UTF-8"?>
<testsuite xmlns:xsi="http://www.w3.org/2001/XMLSchema-instance" xsi:noNamespaceSchemaLocation="https://maven.apache.org/surefire/maven-surefire-plugin/xsd/surefire-test-report-3.0.xsd" version="3.0" name="med.voll.api.ApiApplicationTests" time="10.027" tests="1" errors="0" skipped="0" failures="0">
  <properties>
[...]
</properties>
  <testcase name="contextLoads" classname="med.voll.api.ApiApplicationTests" time="0.695">
    <system-out><![CDATA[20:52:27.159 [main] INFO org.springframework.test.context.support.AnnotationConfigContextLoaderUtils -- Could not detect default configuration classes for test class [med.voll.api.ApiApplicationTests]: ApiApplicationTests does not declare any static, non-private, non-final, nested classes annotated with @Configuration.
20:52:27.389 [main] INFO org.springframework.boot.test.context.SpringBootTestContextBootstrapper -- Found @SpringBootConfiguration med.voll.api.ApiApplication for test class med.voll.api.ApiApplicationTests
20:52:27.611 [main] INFO org.springframework.boot.devtools.restart.RestartApplicationListener -- Restart disabled due to context in which it is running

  .   ____          _            __ _ _
 /\\ / ___'_ __ _ _(_)_ __  __ _ \ \ \ \
( ( )\___ | '_ | '_| | '_ \/ _` | \ \ \ \
 \\/  ___)| |_)| | | | | || (_| |  ) ) ) )
  '  |____| .__|_| |_|_| |_\__, | / / / /
 =========|_|==============|___/=/_/_/_/
 :: Spring Boot ::       (v3.2.0-SNAPSHOT)

2023-11-02T20:52:28.005-04:00  INFO 16709 --- [           main] med.voll.api.ApiApplicationTests         : Starting ApiApplicationTests using Java 17.0.7 with PID 16709 (started by oem in /Diversos/TJRO/CURSOS_AULAS_PROJETOS/alura-spring3-api-outubro-2023)
2023-11-02T20:52:28.007-04:00  INFO 16709 --- [           main] med.voll.api.ApiApplicationTests         : No active profile set, falling back to 1 default profile: "default"
2023-11-02T20:52:29.840-04:00  INFO 16709 --- [           main] .s.d.r.c.RepositoryConfigurationDelegate : Bootstrapping Spring Data JPA repositories in DEFAULT mode.
2023-11-02T20:52:30.006-04:00  INFO 16709 --- [           main] .s.d.r.c.RepositoryConfigurationDelegate : Finished Spring Data repository scanning in 145 ms. Found 1 JPA repository interfaces.
2023-11-02T20:52:31.855-04:00  INFO 16709 --- [           main] o.f.c.internal.license.VersionPrinter    : Flyway Community Edition 9.22.3 by Redgate
2023-11-02T20:52:31.857-04:00  INFO 16709 --- [           main] o.f.c.internal.license.VersionPrinter    : See release notes here: https://rd.gt/416ObMi
2023-11-02T20:52:31.857-04:00  INFO 16709 --- [           main] o.f.c.internal.license.VersionPrinter    : 
2023-11-02T20:52:31.932-04:00  INFO 16709 --- [           main] org.flywaydb.core.FlywayExecutor         : Database: jdbc:mysql://localhost/vollmed_api (MySQL 8.0)
2023-11-02T20:52:32.013-04:00  INFO 16709 --- [           main] o.f.core.internal.command.DbValidate     : Successfully validated 5 migrations (execution time 00:00.036s)
2023-11-02T20:52:32.040-04:00  INFO 16709 --- [           main] o.f.core.internal.command.DbMigrate      : Current version of schema `vollmed_api`: 5
2023-11-02T20:52:32.046-04:00  INFO 16709 --- [           main] o.f.core.internal.command.DbMigrate      : Schema `vollmed_api` is up to date. No migration necessary.
2023-11-02T20:52:32.142-04:00  INFO 16709 --- [           main] com.zaxxer.hikari.HikariDataSource       : HikariPool-1 - Starting...
2023-11-02T20:52:32.198-04:00  INFO 16709 --- [           main] com.zaxxer.hikari.pool.HikariPool        : HikariPool-1 - Added connection com.mysql.cj.jdbc.ConnectionImpl@203e705e
2023-11-02T20:52:32.201-04:00  INFO 16709 --- [           main] com.zaxxer.hikari.HikariDataSource       : HikariPool-1 - Start completed.
2023-11-02T20:52:32.278-04:00  INFO 16709 --- [           main] o.hibernate.jpa.internal.util.LogHelper  : HHH000204: Processing PersistenceUnitInfo [name: default]
2023-11-02T20:52:32.378-04:00  INFO 16709 --- [           main] org.hibernate.Version                    : HHH000412: Hibernate ORM core version 6.3.1.Final
2023-11-02T20:52:32.445-04:00  INFO 16709 --- [           main] o.h.c.internal.RegionFactoryInitiator    : HHH000026: Second-level cache disabled
2023-11-02T20:52:32.833-04:00  INFO 16709 --- [           main] o.s.o.j.p.SpringPersistenceUnitInfo      : No LoadTimeWeaver setup: ignoring JPA class transformer
2023-11-02T20:52:34.385-04:00  INFO 16709 --- [           main] o.h.e.t.j.p.i.JtaPlatformInitiator       : HHH000489: No JTA platform available (set 'hibernate.transaction.jta.platform' to enable JTA platform integration)
2023-11-02T20:52:34.390-04:00  INFO 16709 --- [           main] j.LocalContainerEntityManagerFactoryBean : Initialized JPA EntityManagerFactory for persistence unit 'default'
2023-11-02T20:52:35.459-04:00  WARN 16709 --- [           main] JpaBaseConfiguration$JpaWebConfiguration : spring.jpa.open-in-view is enabled by default. Therefore, database queries may be performed during view rendering. Explicitly configure spring.jpa.open-in-view to disable this warning
2023-11-02T20:52:36.227-04:00  INFO 16709 --- [           main] med.voll.api.ApiApplicationTests         : Started ApiApplicationTests in 8.628 seconds (process running for 9.942)
]]></system-out>
  </testcase>
</testsuite>